ERROR - 2023-03-01 08:49:41 --> mysqli_sql_exception: Table 'institute.feesList' doesn't exist in /opt/lampp/htdocs/ci/system/Database/MySQLi/Connection.php:292
Stack trace:
#0 /opt/lampp/htdocs/ci/system/Database/MySQLi/Connection.php(292): mysqli->query('SELECT COUNT(*)...', 0)
#1 /opt/lampp/htdocs/ci/system/Database/BaseConnection.php(666): CodeIgniter\Database\MySQLi\Connection->execute('SELECT COUNT(*)...')
#2 /opt/lampp/htdocs/ci/system/Database/BaseConnection.php(593): CodeIgniter\Database\BaseConnection->simpleQuery('SELECT COUNT(*)...')
#3 /opt/lampp/htdocs/ci/system/Database/BaseBuilder.php(1614): CodeIgniter\Database\BaseConnection->query('SELECT COUNT(*)...', NULL, false)
#4 /opt/lampp/htdocs/ci/system/Model.php(805): CodeIgniter\Database\BaseBuilder->countAll()
#5 /opt/lampp/htdocs/ci/app/Controllers/FeesData.php(58): CodeIgniter\Model->__call('countAll', Array)
#6 /opt/lampp/htdocs/ci/system/CodeIgniter.php(925): App\Controllers\FeesData->listReceipts()
#7 /opt/lampp/htdocs/ci/system/CodeIgniter.php(480): CodeIgniter\CodeIgniter->runController(Object(App\Controllers\FeesData))
#8 /opt/lampp/htdocs/ci/system/CodeIgniter.php(349): CodeIgniter\CodeIgniter->handleRequest(NULL, Object(Config\Cache), false)
#9 /opt/lampp/htdocs/ci/index.php(67): CodeIgniter\CodeIgniter->run()
#10 {main}
CRITICAL - 2023-03-01 08:49:41 --> Call to a member function getResult() on bool
in SYSTEMPATH/Database/BaseBuilder.php on line 1616.
 1 SYSTEMPATH/Model.php(805): CodeIgniter\Database\BaseBuilder->countAll()
 2 APPPATH/Controllers/FeesData.php(58): CodeIgniter\Model->__call('countAll', [])
 3 SYSTEMPATH/CodeIgniter.php(925): App\Controllers\FeesData->listReceipts()
 4 SYSTEMPATH/CodeIgniter.php(480): CodeIgniter\CodeIgniter->runController(Object(App\Controllers\FeesData))
 5 SYSTEMPATH/CodeIgniter.php(349): CodeIgniter\CodeIgniter->handleRequest(null, Object(Config\Cache), false)
 6 FCPATH/index.php(67): CodeIgniter\CodeIgniter->run()
ERROR - 2023-03-01 08:55:23 --> mysqli_sql_exception: Table 'institute.feesList' doesn't exist in /opt/lampp/htdocs/ci/system/Database/MySQLi/Connection.php:292
Stack trace:
#0 /opt/lampp/htdocs/ci/system/Database/MySQLi/Connection.php(292): mysqli->query('SELECT COUNT(*)...', 0)
#1 /opt/lampp/htdocs/ci/system/Database/BaseConnection.php(666): CodeIgniter\Database\MySQLi\Connection->execute('SELECT COUNT(*)...')
#2 /opt/lampp/htdocs/ci/system/Database/BaseConnection.php(593): CodeIgniter\Database\BaseConnection->simpleQuery('SELECT COUNT(*)...')
#3 /opt/lampp/htdocs/ci/system/Database/BaseBuilder.php(1614): CodeIgniter\Database\BaseConnection->query('SELECT COUNT(*)...', NULL, false)
#4 /opt/lampp/htdocs/ci/system/Model.php(805): CodeIgniter\Database\BaseBuilder->countAll()
#5 /opt/lampp/htdocs/ci/app/Controllers/FeesData.php(58): CodeIgniter\Model->__call('countAll', Array)
#6 /opt/lampp/htdocs/ci/system/CodeIgniter.php(925): App\Controllers\FeesData->listReceipts()
#7 /opt/lampp/htdocs/ci/system/CodeIgniter.php(480): CodeIgniter\CodeIgniter->runController(Object(App\Controllers\FeesData))
#8 /opt/lampp/htdocs/ci/system/CodeIgniter.php(349): CodeIgniter\CodeIgniter->handleRequest(NULL, Object(Config\Cache), false)
#9 /opt/lampp/htdocs/ci/index.php(67): CodeIgniter\CodeIgniter->run()
#10 {main}
CRITICAL - 2023-03-01 08:55:23 --> Call to a member function getResult() on bool
in SYSTEMPATH/Database/BaseBuilder.php on line 1616.
 1 SYSTEMPATH/Model.php(805): CodeIgniter\Database\BaseBuilder->countAll()
 2 APPPATH/Controllers/FeesData.php(58): CodeIgniter\Model->__call('countAll', [])
 3 SYSTEMPATH/CodeIgniter.php(925): App\Controllers\FeesData->listReceipts()
 4 SYSTEMPATH/CodeIgniter.php(480): CodeIgniter\CodeIgniter->runController(Object(App\Controllers\FeesData))
 5 SYSTEMPATH/CodeIgniter.php(349): CodeIgniter\CodeIgniter->handleRequest(null, Object(Config\Cache), false)
 6 FCPATH/index.php(67): CodeIgniter\CodeIgniter->run()
ERROR - 2023-03-01 08:57:23 --> mysqli_sql_exception: Table 'institute.feesList' doesn't exist in /opt/lampp/htdocs/ci/system/Database/MySQLi/Connection.php:292
Stack trace:
#0 /opt/lampp/htdocs/ci/system/Database/MySQLi/Connection.php(292): mysqli->query('SELECT COUNT(*)...', 0)
#1 /opt/lampp/htdocs/ci/system/Database/BaseConnection.php(666): CodeIgniter\Database\MySQLi\Connection->execute('SELECT COUNT(*)...')
#2 /opt/lampp/htdocs/ci/system/Database/BaseConnection.php(593): CodeIgniter\Database\BaseConnection->simpleQuery('SELECT COUNT(*)...')
#3 /opt/lampp/htdocs/ci/system/Database/BaseBuilder.php(1614): CodeIgniter\Database\BaseConnection->query('SELECT COUNT(*)...', NULL, false)
#4 /opt/lampp/htdocs/ci/system/Model.php(805): CodeIgniter\Database\BaseBuilder->countAll()
#5 /opt/lampp/htdocs/ci/app/Controllers/FeesData.php(58): CodeIgniter\Model->__call('countAll', Array)
#6 /opt/lampp/htdocs/ci/system/CodeIgniter.php(925): App\Controllers\FeesData->listReceipts()
#7 /opt/lampp/htdocs/ci/system/CodeIgniter.php(480): CodeIgniter\CodeIgniter->runController(Object(App\Controllers\FeesData))
#8 /opt/lampp/htdocs/ci/system/CodeIgniter.php(349): CodeIgniter\CodeIgniter->handleRequest(NULL, Object(Config\Cache), false)
#9 /opt/lampp/htdocs/ci/index.php(67): CodeIgniter\CodeIgniter->run()
#10 {main}
CRITICAL - 2023-03-01 08:57:23 --> Call to a member function getResult() on bool
in SYSTEMPATH/Database/BaseBuilder.php on line 1616.
 1 SYSTEMPATH/Model.php(805): CodeIgniter\Database\BaseBuilder->countAll()
 2 APPPATH/Controllers/FeesData.php(58): CodeIgniter\Model->__call('countAll', [])
 3 SYSTEMPATH/CodeIgniter.php(925): App\Controllers\FeesData->listReceipts()
 4 SYSTEMPATH/CodeIgniter.php(480): CodeIgniter\CodeIgniter->runController(Object(App\Controllers\FeesData))
 5 SYSTEMPATH/CodeIgniter.php(349): CodeIgniter\CodeIgniter->handleRequest(null, Object(Config\Cache), false)
 6 FCPATH/index.php(67): CodeIgniter\CodeIgniter->run()
ERROR - 2023-03-01 08:58:10 --> mysqli_sql_exception: Table 'institute.feesList' doesn't exist in /opt/lampp/htdocs/ci/system/Database/MySQLi/Connection.php:292
Stack trace:
#0 /opt/lampp/htdocs/ci/system/Database/MySQLi/Connection.php(292): mysqli->query('SELECT COUNT(*)...', 0)
#1 /opt/lampp/htdocs/ci/system/Database/BaseConnection.php(666): CodeIgniter\Database\MySQLi\Connection->execute('SELECT COUNT(*)...')
#2 /opt/lampp/htdocs/ci/system/Database/BaseConnection.php(593): CodeIgniter\Database\BaseConnection->simpleQuery('SELECT COUNT(*)...')
#3 /opt/lampp/htdocs/ci/system/Database/BaseBuilder.php(1614): CodeIgniter\Database\BaseConnection->query('SELECT COUNT(*)...', NULL, false)
#4 /opt/lampp/htdocs/ci/system/Model.php(805): CodeIgniter\Database\BaseBuilder->countAll()
#5 /opt/lampp/htdocs/ci/app/Controllers/FeesData.php(58): CodeIgniter\Model->__call('countAll', Array)
#6 /opt/lampp/htdocs/ci/system/CodeIgniter.php(925): App\Controllers\FeesData->listReceipts()
#7 /opt/lampp/htdocs/ci/system/CodeIgniter.php(480): CodeIgniter\CodeIgniter->runController(Object(App\Controllers\FeesData))
#8 /opt/lampp/htdocs/ci/system/CodeIgniter.php(349): CodeIgniter\CodeIgniter->handleRequest(NULL, Object(Config\Cache), false)
#9 /opt/lampp/htdocs/ci/index.php(67): CodeIgniter\CodeIgniter->run()
#10 {main}
CRITICAL - 2023-03-01 08:58:10 --> Call to a member function getResult() on bool
in SYSTEMPATH/Database/BaseBuilder.php on line 1616.
 1 SYSTEMPATH/Model.php(805): CodeIgniter\Database\BaseBuilder->countAll()
 2 APPPATH/Controllers/FeesData.php(58): CodeIgniter\Model->__call('countAll', [])
 3 SYSTEMPATH/CodeIgniter.php(925): App\Controllers\FeesData->listReceipts()
 4 SYSTEMPATH/CodeIgniter.php(480): CodeIgniter\CodeIgniter->runController(Object(App\Controllers\FeesData))
 5 SYSTEMPATH/CodeIgniter.php(349): CodeIgniter\CodeIgniter->handleRequest(null, Object(Config\Cache), false)
 6 FCPATH/index.php(67): CodeIgniter\CodeIgniter->run()
ERROR - 2023-03-01 08:58:15 --> mysqli_sql_exception: Table 'institute.feesList' doesn't exist in /opt/lampp/htdocs/ci/system/Database/MySQLi/Connection.php:292
Stack trace:
#0 /opt/lampp/htdocs/ci/system/Database/MySQLi/Connection.php(292): mysqli->query('SELECT COUNT(*)...', 0)
#1 /opt/lampp/htdocs/ci/system/Database/BaseConnection.php(666): CodeIgniter\Database\MySQLi\Connection->execute('SELECT COUNT(*)...')
#2 /opt/lampp/htdocs/ci/system/Database/BaseConnection.php(593): CodeIgniter\Database\BaseConnection->simpleQuery('SELECT COUNT(*)...')
#3 /opt/lampp/htdocs/ci/system/Database/BaseBuilder.php(1614): CodeIgniter\Database\BaseConnection->query('SELECT COUNT(*)...', NULL, false)
#4 /opt/lampp/htdocs/ci/system/Model.php(805): CodeIgniter\Database\BaseBuilder->countAll()
#5 /opt/lampp/htdocs/ci/app/Controllers/FeesData.php(58): CodeIgniter\Model->__call('countAll', Array)
#6 /opt/lampp/htdocs/ci/system/CodeIgniter.php(925): App\Controllers\FeesData->listReceipts()
#7 /opt/lampp/htdocs/ci/system/CodeIgniter.php(480): CodeIgniter\CodeIgniter->runController(Object(App\Controllers\FeesData))
#8 /opt/lampp/htdocs/ci/system/CodeIgniter.php(349): CodeIgniter\CodeIgniter->handleRequest(NULL, Object(Config\Cache), false)
#9 /opt/lampp/htdocs/ci/index.php(67): CodeIgniter\CodeIgniter->run()
#10 {main}
CRITICAL - 2023-03-01 08:58:15 --> Call to a member function getResult() on bool
in SYSTEMPATH/Database/BaseBuilder.php on line 1616.
 1 SYSTEMPATH/Model.php(805): CodeIgniter\Database\BaseBuilder->countAll()
 2 APPPATH/Controllers/FeesData.php(58): CodeIgniter\Model->__call('countAll', [])
 3 SYSTEMPATH/CodeIgniter.php(925): App\Controllers\FeesData->listReceipts()
 4 SYSTEMPATH/CodeIgniter.php(480): CodeIgniter\CodeIgniter->runController(Object(App\Controllers\FeesData))
 5 SYSTEMPATH/CodeIgniter.php(349): CodeIgniter\CodeIgniter->handleRequest(null, Object(Config\Cache), false)
 6 FCPATH/index.php(67): CodeIgniter\CodeIgniter->run()
ERROR - 2023-03-01 08:59:21 --> mysqli_sql_exception: Table 'institute.feesList' doesn't exist in /opt/lampp/htdocs/ci/system/Database/MySQLi/Connection.php:292
Stack trace:
#0 /opt/lampp/htdocs/ci/system/Database/MySQLi/Connection.php(292): mysqli->query('SELECT COUNT(*)...', 0)
#1 /opt/lampp/htdocs/ci/system/Database/BaseConnection.php(666): CodeIgniter\Database\MySQLi\Connection->execute('SELECT COUNT(*)...')
#2 /opt/lampp/htdocs/ci/system/Database/BaseConnection.php(593): CodeIgniter\Database\BaseConnection->simpleQuery('SELECT COUNT(*)...')
#3 /opt/lampp/htdocs/ci/system/Database/BaseBuilder.php(1614): CodeIgniter\Database\BaseConnection->query('SELECT COUNT(*)...', NULL, false)
#4 /opt/lampp/htdocs/ci/system/Model.php(805): CodeIgniter\Database\BaseBuilder->countAll()
#5 /opt/lampp/htdocs/ci/app/Controllers/FeesData.php(58): CodeIgniter\Model->__call('countAll', Array)
#6 /opt/lampp/htdocs/ci/system/CodeIgniter.php(925): App\Controllers\FeesData->listReceipts()
#7 /opt/lampp/htdocs/ci/system/CodeIgniter.php(480): CodeIgniter\CodeIgniter->runController(Object(App\Controllers\FeesData))
#8 /opt/lampp/htdocs/ci/system/CodeIgniter.php(349): CodeIgniter\CodeIgniter->handleRequest(NULL, Object(Config\Cache), false)
#9 /opt/lampp/htdocs/ci/index.php(67): CodeIgniter\CodeIgniter->run()
#10 {main}
CRITICAL - 2023-03-01 08:59:21 --> Call to a member function getResult() on bool
in SYSTEMPATH/Database/BaseBuilder.php on line 1616.
 1 SYSTEMPATH/Model.php(805): CodeIgniter\Database\BaseBuilder->countAll()
 2 APPPATH/Controllers/FeesData.php(58): CodeIgniter\Model->__call('countAll', [])
 3 SYSTEMPATH/CodeIgniter.php(925): App\Controllers\FeesData->listReceipts()
 4 SYSTEMPATH/CodeIgniter.php(480): CodeIgniter\CodeIgniter->runController(Object(App\Controllers\FeesData))
 5 SYSTEMPATH/CodeIgniter.php(349): CodeIgniter\CodeIgniter->handleRequest(null, Object(Config\Cache), false)
 6 FCPATH/index.php(67): CodeIgniter\CodeIgniter->run()
