ERROR - 2023-02-14 10:18:44 --> mysqli_sql_exception: Unknown column 'feesList.id' in 'where clause' in C:\xampp\htdocs\ci\system\Database\MySQLi\Connection.php:292
Stack trace:
#0 C:\xampp\htdocs\ci\system\Database\MySQLi\Connection.php(292): mysqli->query('SELECT *\nFROM `...', 0)
#1 C:\xampp\htdocs\ci\system\Database\BaseConnection.php(666): CodeIgniter\Database\MySQLi\Connection->execute('SELECT *\nFROM `...')
#2 C:\xampp\htdocs\ci\system\Database\BaseConnection.php(593): CodeIgniter\Database\BaseConnection->simpleQuery('SELECT *\nFROM `...')
#3 C:\xampp\htdocs\ci\system\Database\BaseBuilder.php(1585): CodeIgniter\Database\BaseConnection->query('SELECT *\nFROM `...', Array, false)
#4 C:\xampp\htdocs\ci\system\Model.php(199): CodeIgniter\Database\BaseBuilder->get()
#5 C:\xampp\htdocs\ci\system\BaseModel.php(525): CodeIgniter\Model->doFind(true, 11115)
#6 C:\xampp\htdocs\ci\app\Controllers\FeesData.php(33): CodeIgniter\BaseModel->find(11115)
#7 C:\xampp\htdocs\ci\system\CodeIgniter.php(925): App\Controllers\FeesData->getReceipt()
#8 C:\xampp\htdocs\ci\system\CodeIgniter.php(480): CodeIgniter\CodeIgniter->runController(Object(App\Controllers\FeesData))
#9 C:\xampp\htdocs\ci\system\CodeIgniter.php(349): CodeIgniter\CodeIgniter->handleRequest(NULL, Object(Config\Cache), false)
#10 C:\xampp\htdocs\ci\index.php(67): CodeIgniter\CodeIgniter->run()
#11 {main}
CRITICAL - 2023-02-14 10:18:44 --> Call to a member function getFirstRow() on bool
in SYSTEMPATH\Model.php on line 200.
 1 SYSTEMPATH\BaseModel.php(525): CodeIgniter\Model->doFind(true, 11115)
 2 APPPATH\Controllers\FeesData.php(33): CodeIgniter\BaseModel->find(11115)
 3 SYSTEMPATH\CodeIgniter.php(925): App\Controllers\FeesData->getReceipt()
 4 SYSTEMPATH\CodeIgniter.php(480): CodeIgniter\CodeIgniter->runController(Object(App\Controllers\FeesData))
 5 SYSTEMPATH\CodeIgniter.php(349): CodeIgniter\CodeIgniter->handleRequest(null, Object(Config\Cache), false)
 6 FCPATH\index.php(67): CodeIgniter\CodeIgniter->run()
ERROR - 2023-02-14 10:18:50 --> mysqli_sql_exception: Unknown column 'feesList.id' in 'where clause' in C:\xampp\htdocs\ci\system\Database\MySQLi\Connection.php:292
Stack trace:
#0 C:\xampp\htdocs\ci\system\Database\MySQLi\Connection.php(292): mysqli->query('SELECT *\nFROM `...', 0)
#1 C:\xampp\htdocs\ci\system\Database\BaseConnection.php(666): CodeIgniter\Database\MySQLi\Connection->execute('SELECT *\nFROM `...')
#2 C:\xampp\htdocs\ci\system\Database\BaseConnection.php(593): CodeIgniter\Database\BaseConnection->simpleQuery('SELECT *\nFROM `...')
#3 C:\xampp\htdocs\ci\system\Database\BaseBuilder.php(1585): CodeIgniter\Database\BaseConnection->query('SELECT *\nFROM `...', Array, false)
#4 C:\xampp\htdocs\ci\system\Model.php(199): CodeIgniter\Database\BaseBuilder->get()
#5 C:\xampp\htdocs\ci\system\BaseModel.php(525): CodeIgniter\Model->doFind(true, 11115)
#6 C:\xampp\htdocs\ci\app\Controllers\FeesData.php(33): CodeIgniter\BaseModel->find(11115)
#7 C:\xampp\htdocs\ci\system\CodeIgniter.php(925): App\Controllers\FeesData->getReceipt()
#8 C:\xampp\htdocs\ci\system\CodeIgniter.php(480): CodeIgniter\CodeIgniter->runController(Object(App\Controllers\FeesData))
#9 C:\xampp\htdocs\ci\system\CodeIgniter.php(349): CodeIgniter\CodeIgniter->handleRequest(NULL, Object(Config\Cache), false)
#10 C:\xampp\htdocs\ci\index.php(67): CodeIgniter\CodeIgniter->run()
#11 {main}
CRITICAL - 2023-02-14 10:18:50 --> Call to a member function getFirstRow() on bool
in SYSTEMPATH\Model.php on line 200.
 1 SYSTEMPATH\BaseModel.php(525): CodeIgniter\Model->doFind(true, 11115)
 2 APPPATH\Controllers\FeesData.php(33): CodeIgniter\BaseModel->find(11115)
 3 SYSTEMPATH\CodeIgniter.php(925): App\Controllers\FeesData->getReceipt()
 4 SYSTEMPATH\CodeIgniter.php(480): CodeIgniter\CodeIgniter->runController(Object(App\Controllers\FeesData))
 5 SYSTEMPATH\CodeIgniter.php(349): CodeIgniter\CodeIgniter->handleRequest(null, Object(Config\Cache), false)
 6 FCPATH\index.php(67): CodeIgniter\CodeIgniter->run()
ERROR - 2023-02-14 12:00:38 --> mysqli_sql_exception: Unknown column 'feesList.id' in 'where clause' in C:\xampp\htdocs\ci\system\Database\MySQLi\Connection.php:292
Stack trace:
#0 C:\xampp\htdocs\ci\system\Database\MySQLi\Connection.php(292): mysqli->query('SELECT *\nFROM `...', 0)
#1 C:\xampp\htdocs\ci\system\Database\BaseConnection.php(666): CodeIgniter\Database\MySQLi\Connection->execute('SELECT *\nFROM `...')
#2 C:\xampp\htdocs\ci\system\Database\BaseConnection.php(593): CodeIgniter\Database\BaseConnection->simpleQuery('SELECT *\nFROM `...')
#3 C:\xampp\htdocs\ci\system\Database\BaseBuilder.php(1585): CodeIgniter\Database\BaseConnection->query('SELECT *\nFROM `...', Array, false)
#4 C:\xampp\htdocs\ci\system\Model.php(199): CodeIgniter\Database\BaseBuilder->get()
#5 C:\xampp\htdocs\ci\system\BaseModel.php(525): CodeIgniter\Model->doFind(true, 11115)
#6 C:\xampp\htdocs\ci\app\Controllers\FeesData.php(33): CodeIgniter\BaseModel->find(11115)
#7 C:\xampp\htdocs\ci\system\CodeIgniter.php(925): App\Controllers\FeesData->getReceipt()
#8 C:\xampp\htdocs\ci\system\CodeIgniter.php(480): CodeIgniter\CodeIgniter->runController(Object(App\Controllers\FeesData))
#9 C:\xampp\htdocs\ci\system\CodeIgniter.php(349): CodeIgniter\CodeIgniter->handleRequest(NULL, Object(Config\Cache), false)
#10 C:\xampp\htdocs\ci\index.php(67): CodeIgniter\CodeIgniter->run()
#11 {main}
CRITICAL - 2023-02-14 12:00:38 --> Call to a member function getFirstRow() on bool
in SYSTEMPATH\Model.php on line 200.
 1 SYSTEMPATH\BaseModel.php(525): CodeIgniter\Model->doFind(true, 11115)
 2 APPPATH\Controllers\FeesData.php(33): CodeIgniter\BaseModel->find(11115)
 3 SYSTEMPATH\CodeIgniter.php(925): App\Controllers\FeesData->getReceipt()
 4 SYSTEMPATH\CodeIgniter.php(480): CodeIgniter\CodeIgniter->runController(Object(App\Controllers\FeesData))
 5 SYSTEMPATH\CodeIgniter.php(349): CodeIgniter\CodeIgniter->handleRequest(null, Object(Config\Cache), false)
 6 FCPATH\index.php(67): CodeIgniter\CodeIgniter->run()
