ERROR - 2023-02-28 11:04:30 --> mysqli_sql_exception: Table 'institute.feesList' doesn't exist in /opt/lampp/htdocs/ci/system/Database/MySQLi/Connection.php:292
Stack trace:
#0 /opt/lampp/htdocs/ci/system/Database/MySQLi/Connection.php(292): mysqli->query('SELECT sum(amou...', 0)
#1 /opt/lampp/htdocs/ci/system/Database/BaseConnection.php(666): CodeIgniter\Database\MySQLi\Connection->execute('SELECT sum(amou...')
#2 /opt/lampp/htdocs/ci/system/Database/BaseConnection.php(593): CodeIgniter\Database\BaseConnection->simpleQuery('SELECT sum(amou...')
#3 /opt/lampp/htdocs/ci/system/Database/BaseBuilder.php(1585): CodeIgniter\Database\BaseConnection->query('SELECT sum(amou...', Array, false)
#4 /opt/lampp/htdocs/ci/system/Model.php(267): CodeIgniter\Database\BaseBuilder->get()
#5 /opt/lampp/htdocs/ci/system/BaseModel.php(624): CodeIgniter\Model->doFirst()
#6 /opt/lampp/htdocs/ci/app/Controllers/FeesData.php(84): CodeIgniter\BaseModel->first()
#7 /opt/lampp/htdocs/ci/system/CodeIgniter.php(925): App\Controllers\FeesData->getFeesReport()
#8 /opt/lampp/htdocs/ci/system/CodeIgniter.php(480): CodeIgniter\CodeIgniter->runController(Object(App\Controllers\FeesData))
#9 /opt/lampp/htdocs/ci/system/CodeIgniter.php(349): CodeIgniter\CodeIgniter->handleRequest(NULL, Object(Config\Cache), false)
#10 /opt/lampp/htdocs/ci/index.php(67): CodeIgniter\CodeIgniter->run()
#11 {main}
CRITICAL - 2023-02-28 11:04:30 --> Call to a member function getFirstRow() on bool
in SYSTEMPATH/Model.php on line 267.
 1 SYSTEMPATH/BaseModel.php(624): CodeIgniter\Model->doFirst()
 2 APPPATH/Controllers/FeesData.php(84): CodeIgniter\BaseModel->first()
 3 SYSTEMPATH/CodeIgniter.php(925): App\Controllers\FeesData->getFeesReport()
 4 SYSTEMPATH/CodeIgniter.php(480): CodeIgniter\CodeIgniter->runController(Object(App\Controllers\FeesData))
 5 SYSTEMPATH/CodeIgniter.php(349): CodeIgniter\CodeIgniter->handleRequest(null, Object(Config\Cache), false)
 6 FCPATH/index.php(67): CodeIgniter\CodeIgniter->run()
ERROR - 2023-02-28 11:08:57 --> mysqli_sql_exception: Table 'institute.feesList' doesn't exist in /opt/lampp/htdocs/ci/system/Database/MySQLi/Connection.php:292
Stack trace:
#0 /opt/lampp/htdocs/ci/system/Database/MySQLi/Connection.php(292): mysqli->query('SELECT COUNT(*)...', 0)
#1 /opt/lampp/htdocs/ci/system/Database/BaseConnection.php(666): CodeIgniter\Database\MySQLi\Connection->execute('SELECT COUNT(*)...')
#2 /opt/lampp/htdocs/ci/system/Database/BaseConnection.php(593): CodeIgniter\Database\BaseConnection->simpleQuery('SELECT COUNT(*)...')
#3 /opt/lampp/htdocs/ci/system/Database/BaseBuilder.php(1614): CodeIgniter\Database\BaseConnection->query('SELECT COUNT(*)...', NULL, false)
#4 /opt/lampp/htdocs/ci/system/Model.php(805): CodeIgniter\Database\BaseBuilder->countAll()
#5 /opt/lampp/htdocs/ci/app/Controllers/FeesData.php(58): CodeIgniter\Model->__call('countAll', Array)
#6 /opt/lampp/htdocs/ci/system/CodeIgniter.php(925): App\Controllers\FeesData->listReceipts()
#7 /opt/lampp/htdocs/ci/system/CodeIgniter.php(480): CodeIgniter\CodeIgniter->runController(Object(App\Controllers\FeesData))
#8 /opt/lampp/htdocs/ci/system/CodeIgniter.php(349): CodeIgniter\CodeIgniter->handleRequest(NULL, Object(Config\Cache), false)
#9 /opt/lampp/htdocs/ci/index.php(67): CodeIgniter\CodeIgniter->run()
#10 {main}
CRITICAL - 2023-02-28 11:08:57 --> Call to a member function getResult() on bool
in SYSTEMPATH/Database/BaseBuilder.php on line 1616.
 1 SYSTEMPATH/Model.php(805): CodeIgniter\Database\BaseBuilder->countAll()
 2 APPPATH/Controllers/FeesData.php(58): CodeIgniter\Model->__call('countAll', [])
 3 SYSTEMPATH/CodeIgniter.php(925): App\Controllers\FeesData->listReceipts()
 4 SYSTEMPATH/CodeIgniter.php(480): CodeIgniter\CodeIgniter->runController(Object(App\Controllers\FeesData))
 5 SYSTEMPATH/CodeIgniter.php(349): CodeIgniter\CodeIgniter->handleRequest(null, Object(Config\Cache), false)
 6 FCPATH/index.php(67): CodeIgniter\CodeIgniter->run()
ERROR - 2023-02-28 11:11:41 --> mysqli_sql_exception: Table 'institute.feesList' doesn't exist in /opt/lampp/htdocs/ci/system/Database/MySQLi/Connection.php:292
Stack trace:
#0 /opt/lampp/htdocs/ci/system/Database/MySQLi/Connection.php(292): mysqli->query('SELECT COUNT(*)...', 0)
#1 /opt/lampp/htdocs/ci/system/Database/BaseConnection.php(666): CodeIgniter\Database\MySQLi\Connection->execute('SELECT COUNT(*)...')
#2 /opt/lampp/htdocs/ci/system/Database/BaseConnection.php(593): CodeIgniter\Database\BaseConnection->simpleQuery('SELECT COUNT(*)...')
#3 /opt/lampp/htdocs/ci/system/Database/BaseBuilder.php(1614): CodeIgniter\Database\BaseConnection->query('SELECT COUNT(*)...', NULL, false)
#4 /opt/lampp/htdocs/ci/system/Model.php(805): CodeIgniter\Database\BaseBuilder->countAll()
#5 /opt/lampp/htdocs/ci/app/Controllers/FeesData.php(58): CodeIgniter\Model->__call('countAll', Array)
#6 /opt/lampp/htdocs/ci/system/CodeIgniter.php(925): App\Controllers\FeesData->listReceipts()
#7 /opt/lampp/htdocs/ci/system/CodeIgniter.php(480): CodeIgniter\CodeIgniter->runController(Object(App\Controllers\FeesData))
#8 /opt/lampp/htdocs/ci/system/CodeIgniter.php(349): CodeIgniter\CodeIgniter->handleRequest(NULL, Object(Config\Cache), false)
#9 /opt/lampp/htdocs/ci/index.php(67): CodeIgniter\CodeIgniter->run()
#10 {main}
CRITICAL - 2023-02-28 11:11:41 --> Call to a member function getResult() on bool
in SYSTEMPATH/Database/BaseBuilder.php on line 1616.
 1 SYSTEMPATH/Model.php(805): CodeIgniter\Database\BaseBuilder->countAll()
 2 APPPATH/Controllers/FeesData.php(58): CodeIgniter\Model->__call('countAll', [])
 3 SYSTEMPATH/CodeIgniter.php(925): App\Controllers\FeesData->listReceipts()
 4 SYSTEMPATH/CodeIgniter.php(480): CodeIgniter\CodeIgniter->runController(Object(App\Controllers\FeesData))
 5 SYSTEMPATH/CodeIgniter.php(349): CodeIgniter\CodeIgniter->handleRequest(null, Object(Config\Cache), false)
 6 FCPATH/index.php(67): CodeIgniter\CodeIgniter->run()
ERROR - 2023-02-28 11:19:42 --> mysqli_sql_exception: Table 'institute.feesList' doesn't exist in /opt/lampp/htdocs/ci/system/Database/MySQLi/Connection.php:292
Stack trace:
#0 /opt/lampp/htdocs/ci/system/Database/MySQLi/Connection.php(292): mysqli->query('SELECT COUNT(*)...', 0)
#1 /opt/lampp/htdocs/ci/system/Database/BaseConnection.php(666): CodeIgniter\Database\MySQLi\Connection->execute('SELECT COUNT(*)...')
#2 /opt/lampp/htdocs/ci/system/Database/BaseConnection.php(593): CodeIgniter\Database\BaseConnection->simpleQuery('SELECT COUNT(*)...')
#3 /opt/lampp/htdocs/ci/system/Database/BaseBuilder.php(1614): CodeIgniter\Database\BaseConnection->query('SELECT COUNT(*)...', NULL, false)
#4 /opt/lampp/htdocs/ci/system/Model.php(805): CodeIgniter\Database\BaseBuilder->countAll()
#5 /opt/lampp/htdocs/ci/app/Controllers/FeesData.php(58): CodeIgniter\Model->__call('countAll', Array)
#6 /opt/lampp/htdocs/ci/system/CodeIgniter.php(925): App\Controllers\FeesData->listReceipts()
#7 /opt/lampp/htdocs/ci/system/CodeIgniter.php(480): CodeIgniter\CodeIgniter->runController(Object(App\Controllers\FeesData))
#8 /opt/lampp/htdocs/ci/system/CodeIgniter.php(349): CodeIgniter\CodeIgniter->handleRequest(NULL, Object(Config\Cache), false)
#9 /opt/lampp/htdocs/ci/index.php(67): CodeIgniter\CodeIgniter->run()
#10 {main}
CRITICAL - 2023-02-28 11:19:42 --> Call to a member function getResult() on bool
in SYSTEMPATH/Database/BaseBuilder.php on line 1616.
 1 SYSTEMPATH/Model.php(805): CodeIgniter\Database\BaseBuilder->countAll()
 2 APPPATH/Controllers/FeesData.php(58): CodeIgniter\Model->__call('countAll', [])
 3 SYSTEMPATH/CodeIgniter.php(925): App\Controllers\FeesData->listReceipts()
 4 SYSTEMPATH/CodeIgniter.php(480): CodeIgniter\CodeIgniter->runController(Object(App\Controllers\FeesData))
 5 SYSTEMPATH/CodeIgniter.php(349): CodeIgniter\CodeIgniter->handleRequest(null, Object(Config\Cache), false)
 6 FCPATH/index.php(67): CodeIgniter\CodeIgniter->run()
ERROR - 2023-02-28 11:26:05 --> mysqli_sql_exception: Table 'institute.feesList' doesn't exist in /opt/lampp/htdocs/ci/system/Database/MySQLi/Connection.php:292
Stack trace:
#0 /opt/lampp/htdocs/ci/system/Database/MySQLi/Connection.php(292): mysqli->query('SELECT COUNT(*)...', 0)
#1 /opt/lampp/htdocs/ci/system/Database/BaseConnection.php(666): CodeIgniter\Database\MySQLi\Connection->execute('SELECT COUNT(*)...')
#2 /opt/lampp/htdocs/ci/system/Database/BaseConnection.php(593): CodeIgniter\Database\BaseConnection->simpleQuery('SELECT COUNT(*)...')
#3 /opt/lampp/htdocs/ci/system/Database/BaseBuilder.php(1614): CodeIgniter\Database\BaseConnection->query('SELECT COUNT(*)...', NULL, false)
#4 /opt/lampp/htdocs/ci/system/Model.php(805): CodeIgniter\Database\BaseBuilder->countAll()
#5 /opt/lampp/htdocs/ci/app/Controllers/FeesData.php(58): CodeIgniter\Model->__call('countAll', Array)
#6 /opt/lampp/htdocs/ci/system/CodeIgniter.php(925): App\Controllers\FeesData->listReceipts()
#7 /opt/lampp/htdocs/ci/system/CodeIgniter.php(480): CodeIgniter\CodeIgniter->runController(Object(App\Controllers\FeesData))
#8 /opt/lampp/htdocs/ci/system/CodeIgniter.php(349): CodeIgniter\CodeIgniter->handleRequest(NULL, Object(Config\Cache), false)
#9 /opt/lampp/htdocs/ci/index.php(67): CodeIgniter\CodeIgniter->run()
#10 {main}
CRITICAL - 2023-02-28 11:26:05 --> Call to a member function getResult() on bool
in SYSTEMPATH/Database/BaseBuilder.php on line 1616.
 1 SYSTEMPATH/Model.php(805): CodeIgniter\Database\BaseBuilder->countAll()
 2 APPPATH/Controllers/FeesData.php(58): CodeIgniter\Model->__call('countAll', [])
 3 SYSTEMPATH/CodeIgniter.php(925): App\Controllers\FeesData->listReceipts()
 4 SYSTEMPATH/CodeIgniter.php(480): CodeIgniter\CodeIgniter->runController(Object(App\Controllers\FeesData))
 5 SYSTEMPATH/CodeIgniter.php(349): CodeIgniter\CodeIgniter->handleRequest(null, Object(Config\Cache), false)
 6 FCPATH/index.php(67): CodeIgniter\CodeIgniter->run()
ERROR - 2023-02-28 11:26:23 --> mysqli_sql_exception: Table 'institute.feesList' doesn't exist in /opt/lampp/htdocs/ci/system/Database/MySQLi/Connection.php:292
Stack trace:
#0 /opt/lampp/htdocs/ci/system/Database/MySQLi/Connection.php(292): mysqli->query('SELECT sum(amou...', 0)
#1 /opt/lampp/htdocs/ci/system/Database/BaseConnection.php(666): CodeIgniter\Database\MySQLi\Connection->execute('SELECT sum(amou...')
#2 /opt/lampp/htdocs/ci/system/Database/BaseConnection.php(593): CodeIgniter\Database\BaseConnection->simpleQuery('SELECT sum(amou...')
#3 /opt/lampp/htdocs/ci/system/Database/BaseBuilder.php(1585): CodeIgniter\Database\BaseConnection->query('SELECT sum(amou...', Array, false)
#4 /opt/lampp/htdocs/ci/system/Model.php(267): CodeIgniter\Database\BaseBuilder->get()
#5 /opt/lampp/htdocs/ci/system/BaseModel.php(624): CodeIgniter\Model->doFirst()
#6 /opt/lampp/htdocs/ci/app/Controllers/FeesData.php(84): CodeIgniter\BaseModel->first()
#7 /opt/lampp/htdocs/ci/system/CodeIgniter.php(925): App\Controllers\FeesData->getFeesReport()
#8 /opt/lampp/htdocs/ci/system/CodeIgniter.php(480): CodeIgniter\CodeIgniter->runController(Object(App\Controllers\FeesData))
#9 /opt/lampp/htdocs/ci/system/CodeIgniter.php(349): CodeIgniter\CodeIgniter->handleRequest(NULL, Object(Config\Cache), false)
#10 /opt/lampp/htdocs/ci/index.php(67): CodeIgniter\CodeIgniter->run()
#11 {main}
CRITICAL - 2023-02-28 11:26:23 --> Call to a member function getFirstRow() on bool
in SYSTEMPATH/Model.php on line 267.
 1 SYSTEMPATH/BaseModel.php(624): CodeIgniter\Model->doFirst()
 2 APPPATH/Controllers/FeesData.php(84): CodeIgniter\BaseModel->first()
 3 SYSTEMPATH/CodeIgniter.php(925): App\Controllers\FeesData->getFeesReport()
 4 SYSTEMPATH/CodeIgniter.php(480): CodeIgniter\CodeIgniter->runController(Object(App\Controllers\FeesData))
 5 SYSTEMPATH/CodeIgniter.php(349): CodeIgniter\CodeIgniter->handleRequest(null, Object(Config\Cache), false)
 6 FCPATH/index.php(67): CodeIgniter\CodeIgniter->run()
ERROR - 2023-02-28 11:26:38 --> mysqli_sql_exception: Table 'institute.feesList' doesn't exist in /opt/lampp/htdocs/ci/system/Database/MySQLi/Connection.php:292
Stack trace:
#0 /opt/lampp/htdocs/ci/system/Database/MySQLi/Connection.php(292): mysqli->query('SELECT sum(amou...', 0)
#1 /opt/lampp/htdocs/ci/system/Database/BaseConnection.php(666): CodeIgniter\Database\MySQLi\Connection->execute('SELECT sum(amou...')
#2 /opt/lampp/htdocs/ci/system/Database/BaseConnection.php(593): CodeIgniter\Database\BaseConnection->simpleQuery('SELECT sum(amou...')
#3 /opt/lampp/htdocs/ci/system/Database/BaseBuilder.php(1585): CodeIgniter\Database\BaseConnection->query('SELECT sum(amou...', Array, false)
#4 /opt/lampp/htdocs/ci/system/Model.php(267): CodeIgniter\Database\BaseBuilder->get()
#5 /opt/lampp/htdocs/ci/system/BaseModel.php(624): CodeIgniter\Model->doFirst()
#6 /opt/lampp/htdocs/ci/app/Controllers/FeesData.php(84): CodeIgniter\BaseModel->first()
#7 /opt/lampp/htdocs/ci/system/CodeIgniter.php(925): App\Controllers\FeesData->getFeesReport()
#8 /opt/lampp/htdocs/ci/system/CodeIgniter.php(480): CodeIgniter\CodeIgniter->runController(Object(App\Controllers\FeesData))
#9 /opt/lampp/htdocs/ci/system/CodeIgniter.php(349): CodeIgniter\CodeIgniter->handleRequest(NULL, Object(Config\Cache), false)
#10 /opt/lampp/htdocs/ci/index.php(67): CodeIgniter\CodeIgniter->run()
#11 {main}
CRITICAL - 2023-02-28 11:26:38 --> Call to a member function getFirstRow() on bool
in SYSTEMPATH/Model.php on line 267.
 1 SYSTEMPATH/BaseModel.php(624): CodeIgniter\Model->doFirst()
 2 APPPATH/Controllers/FeesData.php(84): CodeIgniter\BaseModel->first()
 3 SYSTEMPATH/CodeIgniter.php(925): App\Controllers\FeesData->getFeesReport()
 4 SYSTEMPATH/CodeIgniter.php(480): CodeIgniter\CodeIgniter->runController(Object(App\Controllers\FeesData))
 5 SYSTEMPATH/CodeIgniter.php(349): CodeIgniter\CodeIgniter->handleRequest(null, Object(Config\Cache), false)
 6 FCPATH/index.php(67): CodeIgniter\CodeIgniter->run()
ERROR - 2023-02-28 11:26:54 --> mysqli_sql_exception: Table 'institute.feesList' doesn't exist in /opt/lampp/htdocs/ci/system/Database/MySQLi/Connection.php:292
Stack trace:
#0 /opt/lampp/htdocs/ci/system/Database/MySQLi/Connection.php(292): mysqli->query('SELECT sum(amou...', 0)
#1 /opt/lampp/htdocs/ci/system/Database/BaseConnection.php(666): CodeIgniter\Database\MySQLi\Connection->execute('SELECT sum(amou...')
#2 /opt/lampp/htdocs/ci/system/Database/BaseConnection.php(593): CodeIgniter\Database\BaseConnection->simpleQuery('SELECT sum(amou...')
#3 /opt/lampp/htdocs/ci/system/Database/BaseBuilder.php(1585): CodeIgniter\Database\BaseConnection->query('SELECT sum(amou...', Array, false)
#4 /opt/lampp/htdocs/ci/system/Model.php(267): CodeIgniter\Database\BaseBuilder->get()
#5 /opt/lampp/htdocs/ci/system/BaseModel.php(624): CodeIgniter\Model->doFirst()
#6 /opt/lampp/htdocs/ci/app/Controllers/FeesData.php(84): CodeIgniter\BaseModel->first()
#7 /opt/lampp/htdocs/ci/system/CodeIgniter.php(925): App\Controllers\FeesData->getFeesReport()
#8 /opt/lampp/htdocs/ci/system/CodeIgniter.php(480): CodeIgniter\CodeIgniter->runController(Object(App\Controllers\FeesData))
#9 /opt/lampp/htdocs/ci/system/CodeIgniter.php(349): CodeIgniter\CodeIgniter->handleRequest(NULL, Object(Config\Cache), false)
#10 /opt/lampp/htdocs/ci/index.php(67): CodeIgniter\CodeIgniter->run()
#11 {main}
CRITICAL - 2023-02-28 11:26:54 --> Call to a member function getFirstRow() on bool
in SYSTEMPATH/Model.php on line 267.
 1 SYSTEMPATH/BaseModel.php(624): CodeIgniter\Model->doFirst()
 2 APPPATH/Controllers/FeesData.php(84): CodeIgniter\BaseModel->first()
 3 SYSTEMPATH/CodeIgniter.php(925): App\Controllers\FeesData->getFeesReport()
 4 SYSTEMPATH/CodeIgniter.php(480): CodeIgniter\CodeIgniter->runController(Object(App\Controllers\FeesData))
 5 SYSTEMPATH/CodeIgniter.php(349): CodeIgniter\CodeIgniter->handleRequest(null, Object(Config\Cache), false)
 6 FCPATH/index.php(67): CodeIgniter\CodeIgniter->run()
